<?xml version="1.0" encoding="UTF-8"?>
<robot generator="Robot 3.1.1 (Python 3.7.2 on win32)" generated="20190302 18:12:52.653" rpa="false">
<suite id="s1" name="Demo" source="C:\Users\HP\PycharmProjects\Chrome Project\Demo.robot">
<test id="s1-t1" name="Login to facebook">
<status status="FAIL" starttime="20190302 18:12:52.825" endtime="20190302 18:12:52.825" critical="yes">Test case contains no keywords.</status>
</test>
<test id="s1-t2" name="open browser">
<kw name="https://www.facebook.com/">
<arguments>
<arg>firefox</arg>
</arguments>
<msg timestamp="20190302 18:12:52.856" level="FAIL">No keyword with name 'https://www.facebook.com/' found.</msg>
<status status="FAIL" starttime="20190302 18:12:52.856" endtime="20190302 18:12:52.856"></status>
</kw>
<status status="FAIL" starttime="20190302 18:12:52.841" endtime="20190302 18:12:52.856" critical="yes">No keyword with name 'https://www.facebook.com/' found.</status>
</test>
<status status="FAIL" starttime="20190302 18:12:52.653" endtime="20190302 18:12:52.856"></status>
</suite>
<statistics>
<total>
<stat pass="0" fail="2">Critical Tests</stat>
<stat pass="0" fail="2">All Tests</stat>
</total>
<tag>
</tag>
<suite>
<stat pass="0" fail="2" id="s1" name="Demo">Demo</stat>
</suite>
</statistics>
<errors>
</errors>
</robot>
